app/build/intermediates/manifest_merge_blame_file/debug/manifest-merger-blame-debug-report.txt
1<?xml version="1.0" encoding="utf-8"?>
2<manifest xmlns:android="http://schemas.android.com/apk/res/android"
3    package="id.go.kemenkeu.anggaran.bima"
4    android:versionCode="1"
5    android:versionName="1.0" >
6
7    <uses-sdk
8        android:minSdkVersion="21"
8-->src/main/AndroidManifest.xml
9        android:targetSdkVersion="28" />
9-->src/main/AndroidManifest.xml
10
11    <uses-permission android:name="android.permission.CAMERA" />
11-->src/main/AndroidManifest.xml:31:5-65
11-->src/main/AndroidManifest.xml:31:22-62
12    <uses-permission android:name="android.permission.INTERNET" />
12-->src/main/AndroidManifest.xml:33:5-67
12-->src/main/AndroidManifest.xml:33:22-64
13
14    <application
14-->src/main/AndroidManifest.xml:5:5-30:19
15        android:allowBackup="true"
15-->src/main/AndroidManifest.xml:6:9-35
16        android:appComponentFactory="androidx.core.app.CoreComponentFactory"
16-->[androidx.core:core:1.0.1] AndroidManifest.xml:22:18-86
17        android:debuggable="true"
18        android:icon="@mipmap/ic_launcher"
18-->src/main/AndroidManifest.xml:7:9-43
19        android:label="@string/app_name"
19-->src/main/AndroidManifest.xml:8:9-41
20        android:roundIcon="@mipmap/ic_launcher_round"
20-->src/main/AndroidManifest.xml:9:9-54
21        android:supportsRtl="true"
21-->src/main/AndroidManifest.xml:10:9-35
22        android:testOnly="true"
23        android:theme="@style/AppTheme"
23-->src/main/AndroidManifest.xml:11:9-40
24        android:usesCleartextTraffic="true" >
24-->src/main/AndroidManifest.xml:12:9-44
25        <activity android:name="id.go.kemenkeu.anggaran.bima.SlideActivity" />
25-->src/main/AndroidManifest.xml:13:9-60
25-->src/main/AndroidManifest.xml:13:19-48
26        <activity android:name="id.go.kemenkeu.anggaran.bima.MainActivity" />
26-->src/main/AndroidManifest.xml:14:9-50
26-->src/main/AndroidManifest.xml:14:19-47
27        <activity
27-->src/main/AndroidManifest.xml:15:9-17:51
28            android:name="id.go.kemenkeu.anggaran.bima.ReLoginActivity"
28-->src/main/AndroidManifest.xml:16:13-44
29            android:theme="@style/SplashScreen" />
29-->src/main/AndroidManifest.xml:17:13-48
30        <activity
30-->src/main/AndroidManifest.xml:18:9-20:51
31            android:name="id.go.kemenkeu.anggaran.bima.LoginActivity"
31-->src/main/AndroidManifest.xml:19:13-42
32            android:theme="@style/SplashScreen" />
32-->src/main/AndroidManifest.xml:20:13-48
33        <activity
33-->src/main/AndroidManifest.xml:21:9-29:20
34            android:name="id.go.kemenkeu.anggaran.bima.SplashActivity"
34-->src/main/AndroidManifest.xml:22:13-43
35            android:theme="@style/SplashScreen" >
35-->src/main/AndroidManifest.xml:23:13-48
36            <intent-filter>
36-->src/main/AndroidManifest.xml:24:13-28:29
37                <action android:name="android.intent.action.MAIN" />
37-->src/main/AndroidManifest.xml:25:17-69
37-->src/main/AndroidManifest.xml:25:25-66
38
39                <category android:name="android.intent.category.LAUNCHER" />
39-->src/main/AndroidManifest.xml:27:17-77
39-->src/main/AndroidManifest.xml:27:27-74
40            </intent-filter>
41        </activity>
42
43        <provider
43-->[androidx.lifecycle:lifecycle-process:2.0.0] AndroidManifest.xml:23:9-27:43
44            android:name="androidx.lifecycle.ProcessLifecycleOwnerInitializer"
44-->[androidx.lifecycle:lifecycle-process:2.0.0] AndroidManifest.xml:24:13-79
45            android:authorities="id.go.kemenkeu.anggaran.bima.lifecycle-process"
45-->[androidx.lifecycle:lifecycle-process:2.0.0] AndroidManifest.xml:25:13-69
46            android:exported="false"
46-->[androidx.lifecycle:lifecycle-process:2.0.0] AndroidManifest.xml:26:13-37
47            android:multiprocess="true" />
47-->[androidx.lifecycle:lifecycle-process:2.0.0] AndroidManifest.xml:27:13-40
48    </application>
49
50</manifest>